<?xml version="1.0" encoding="UTF-8"?>
<testng-results skipped="0" failed="0" ignored="0" total="1" passed="1">
  <reporter-output>
  </reporter-output>
  <suite name="Suite" duration-ms="21848" started-at="2022-04-26T08:43:07 EET" finished-at="2022-04-26T08:43:29 EET">
    <groups>
    </groups>
    <test name="Test" duration-ms="21848" started-at="2022-04-26T08:43:07 EET" finished-at="2022-04-26T08:43:29 EET">
      <class name="com.testng.Parameterized_Test">
        <test-method status="PASS" signature="test(java.lang.String,java.lang.String)[pri:0, instance:com.testng.Parameterized_Test@17d677df]" name="test" duration-ms="21780" started-at="2022-04-26T08:43:07 EET" finished-at="2022-04-26T08:43:29 EET">
          <params>
            <param index="0">
              <value>
                <![CDATA[beni]]>
              </value>
            </param>
            <param index="1">
              <value>
                <![CDATA[beni123]]>
              </value>
            </param>
          </params>
          <reporter-output>
          </reporter-output>
        </test-method> <!-- test -->
      </class> <!-- com.testng.Parameterized_Test -->
    </test> <!-- Test -->
  </suite> <!-- Suite -->
</testng-results>
